0 verbose cli /app/.nvm/versions/node/v16.20.2/bin/node /app/.nvm/versions/node/v16.20.2/bin/npm
1 info using npm@8.19.4
2 info using node@v16.20.2
3 timing npm:load:whichnode Completed in 0ms
4 timing config:load:defaults Completed in 4ms
5 timing config:load:file:/app/.nvm/versions/node/v16.20.2/lib/node_modules/npm/npmrc Completed in 1ms
6 timing config:load:builtin Completed in 1ms
7 timing config:load:cli Completed in 109ms
8 timing config:load:env Completed in 0ms
9 timing config:load:project Completed in 3ms
10 timing config:load:file:/app/.npmrc Completed in 0ms
11 timing config:load:user Completed in 0ms
12 timing config:load:file:/app/.nvm/versions/node/v16.20.2/etc/npmrc Completed in 1ms
13 timing config:load:global Completed in 1ms
14 timing config:load:validate Completed in 0ms
15 timing config:load:credentials Completed in 1ms
16 timing config:load:setEnvs Completed in 59ms
17 timing config:load Completed in 179ms
18 timing npm:load:configload Completed in 179ms
19 timing npm:load:mkdirpcache Completed in 11ms
20 timing npm:load:mkdirplogs Completed in 0ms
21 verbose title npm start
22 verbose argv "start"
23 timing npm:load:setTitle Completed in 1ms
24 timing config:load:flatten Completed in 12ms
25 timing npm:load:display Completed in 16ms
26 verbose logfile logs-max:10 dir:/app/.npm/_logs
27 verbose logfile /app/.npm/_logs/2025-01-09T09_04_01_072Z-debug-0.log
28 timing npm:load:logFile Completed in 55ms
29 timing npm:load:timers Completed in 0ms
30 timing npm:load:configScope Completed in 0ms
31 timing npm:load Completed in 263ms
32 silly logfile start cleaning logs, removing 1 files
33 silly logfile done cleaning log files
